<?xml version="1.0" encoding="UTF-8"?>
<testng-results skipped="0" failed="0" total="1" passed="1">
  <reporter-output>
  </reporter-output>
  <suite name="All Test Suite" duration-ms="35870" started-at="2018-06-07T11:55:15Z" finished-at="2018-06-07T11:55:51Z">
    <groups>
      <group name="auth">
        <method signature="SampleTest.testSendMail()[pri:0, instance:sampl.SampleTest@511baa65]" name="testSendMail" class="sampl.SampleTest"/>
      </group> <!-- auth -->
    </groups>
    <test name="D:/Project/Focus/Script_and_code/BDD/focus-cucumber+Qmetry/testTz/src/test/resourses" duration-ms="35870" started-at="2018-06-07T11:55:15Z" finished-at="2018-06-07T11:55:51Z">
      <class name="sampl.SampleTest">
        <test-method status="PASS" signature="setUp()[pri:0, instance:sampl.SampleTest@511baa65]" name="setUp" is-config="true" duration-ms="27387" started-at="2018-06-07T13:55:15Z" finished-at="2018-06-07T13:55:43Z">
          <reporter-output>
          </reporter-output>
        </test-method> <!-- setUp -->
        <test-method status="PASS" signature="testSendMail()[pri:0, instance:sampl.SampleTest@511baa65]" name="testSendMail" duration-ms="7694" started-at="2018-06-07T13:55:43Z" finished-at="2018-06-07T13:55:50Z">
          <reporter-output>
          </reporter-output>
        </test-method> <!-- testSendMail -->
        <test-method status="PASS" signature="closedBrowser()[pri:0, instance:sampl.SampleTest@511baa65]" name="closedBrowser" is-config="true" duration-ms="774" started-at="2018-06-07T13:55:50Z" finished-at="2018-06-07T13:55:51Z">
          <reporter-output>
          </reporter-output>
        </test-method> <!-- closedBrowser -->
      </class> <!-- sampl.SampleTest -->
    </test> <!-- D:/Project/Focus/Script_and_code/BDD/focus-cucumber+Qmetry/testTz/src/test/resourses -->
  </suite> <!-- All Test Suite -->
</testng-results>
