<?xml version="1.0" encoding="UTF-8"?>
<testsuite xmlns:xsi="http://www.w3.org/2001/XMLSchema-instance" xsi:schemaLocation="https://maven.apache.org/surefire/maven-surefire-plugin/xsd/surefire-test-report.xsd" name="sampl.SampleTest" time="0.565" tests="3" errors="0" skipped="0" failures="1">
  <properties>
[...]
</properties>
  <testcase name="firstMethod" classname="sampl.SampleTest" time="0.001"/>
  <testcase name="secondMethod" classname="sampl.SampleTest" time="0"/>
  <testcase name="thirdMethod" classname="sampl.SampleTest" time="0.009">
    <failure message="expected [2] but found [1]" type="java.lang.AssertionError">java.lang.AssertionError: expected [2] but found [1]
	at sampl.SampleTest.thirdMethod(SampleTest.java:26)
</failure>
    <system-out><![CDATA[TEST-2
]]></system-out>
  </testcase>
</testsuite>